2025-10-25 10:43:00,063 - INFO - Mở trang chủ HangTruyen
2025-10-25 10:43:05,107 - INFO - Cuộn xuống để thấy danh sách truyện
2025-10-25 10:43:07,136 - INFO - Click vào truyện đầu tiên trên trang chủ
2025-10-25 10:43:07,756 - INFO - ✅ Đã click truyện: Chàng Rể Mạnh Nhất Lịch Sử
2025-10-25 10:43:07,756 - INFO - Kiểm tra đã vào đúng trang truyện
2025-10-25 10:43:07,794 - INFO - ✅ Đã vào đúng truyện.
2025-10-25 10:43:07,794 - INFO - Nhấn nút 'Đọc ngay'
2025-10-25 10:43:08,256 - INFO - Kiểm tra đã vào trang đọc chương
2025-10-25 10:43:23,527 - ERROR - ❌ Lỗi: Message: 
Stacktrace:
	GetHandleVerifier [0x0x7ff78299e8e5+80021]
	GetHandleVerifier [0x0x7ff78299e940+80112]
	(No symbol) [0x0x7ff78272060f]
	(No symbol) [0x0x7ff782778854]
	(No symbol) [0x0x7ff782778b1c]
	(No symbol) [0x0x7ff7827cc927]
	(No symbol) [0x0x7ff7827a126f]
	(No symbol) [0x0x7ff7827c968a]
	(No symbol) [0x0x7ff7827a1003]
	(No symbol) [0x0x7ff7827695d1]
	(No symbol) [0x0x7ff78276a3f3]
	GetHandleVerifier [0x0x7ff782c5dc7d+2960429]
	GetHandleVerifier [0x0x7ff782c57f3a+2936554]
	GetHandleVerifier [0x0x7ff782c78977+3070247]
	GetHandleVerifier [0x0x7ff7829b83ce+185214]
	GetHandleVerifier [0x0x7ff7829bfe1f+216527]
	GetHandleVerifier [0x0x7ff7829a7b24+117460]
	GetHandleVerifier [0x0x7ff7829a7cdf+117903]
	GetHandleVerifier [0x0x7ff78298dbb8+11112]
	BaseThreadInitThunk [0x0x7ffb6c49e8d7+23]
	RtlUserThreadStart [0x0x7ffb6e5cc53c+44]

2025-10-25 10:43:23,528 - ERROR - Ảnh lỗi: artifacts\screenshots\read_from_home_error_20251025_104323.png
