2025-10-27 08:28:42,951 - INFO - Mở trang chủ HangTruyen
2025-10-27 08:28:43,053 - INFO - Đã click mở popup đăng nhập
2025-10-27 08:29:03,662 - ERROR -  Lỗi: Message: 
Stacktrace:
	GetHandleVerifier [0x0x7ff67107e8e5+80021]
	GetHandleVerifier [0x0x7ff67107e940+80112]
	(No symbol) [0x0x7ff670e0060f]
	(No symbol) [0x0x7ff670e58854]
	(No symbol) [0x0x7ff670e58b1c]
	(No symbol) [0x0x7ff670eac927]
	(No symbol) [0x0x7ff670e8126f]
	(No symbol) [0x0x7ff670ea968a]
	(No symbol) [0x0x7ff670e81003]
	(No symbol) [0x0x7ff670e495d1]
	(No symbol) [0x0x7ff670e4a3f3]
	GetHandleVerifier [0x0x7ff67133dc7d+2960429]
	GetHandleVerifier [0x0x7ff671337f3a+2936554]
	GetHandleVerifier [0x0x7ff671358977+3070247]
	GetHandleVerifier [0x0x7ff6710983ce+185214]
	GetHandleVerifier [0x0x7ff67109fe1f+216527]
	GetHandleVerifier [0x0x7ff671087b24+117460]
	GetHandleVerifier [0x0x7ff671087cdf+117903]
	GetHandleVerifier [0x0x7ff67106dbb8+11112]
	BaseThreadInitThunk [0x0x7ffb6c49e8d7+23]
	RtlUserThreadStart [0x0x7ffb6e5cc53c+44]

2025-10-27 08:29:03,663 - ERROR - Ảnh lỗi: artifacts\screenshots\rating_error_20251027_082903.png
