2025-10-25 11:24:30,268 - INFO - Mở trang chủ HangTruyen
2025-10-25 11:24:30,327 - INFO - Cuộn đến phần 'Top thịnh hành'
2025-10-25 11:24:31,327 - INFO - Click vào truyện đầu tiên trong 'Top thịnh hành'
2025-10-25 11:24:31,685 - INFO - Đã click truyện: CHÀNG RỂ MẠNH NHẤT LỊCH SỬ
2025-10-25 11:24:31,686 - INFO - Kiểm tra đã vào đúng truyện
2025-10-25 11:24:52,180 - ERROR -  Lỗi: Message: 
Stacktrace:
	GetHandleVerifier [0x0x7ff6fef4e8e5+80021]
	GetHandleVerifier [0x0x7ff6fef4e940+80112]
	(No symbol) [0x0x7ff6fecd060f]
	(No symbol) [0x0x7ff6fed28854]
	(No symbol) [0x0x7ff6fed28b1c]
	(No symbol) [0x0x7ff6fed7c927]
	(No symbol) [0x0x7ff6fed5126f]
	(No symbol) [0x0x7ff6fed7968a]
	(No symbol) [0x0x7ff6fed51003]
	(No symbol) [0x0x7ff6fed195d1]
	(No symbol) [0x0x7ff6fed1a3f3]
	GetHandleVerifier [0x0x7ff6ff20dc7d+2960429]
	GetHandleVerifier [0x0x7ff6ff207f3a+2936554]
	GetHandleVerifier [0x0x7ff6ff228977+3070247]
	GetHandleVerifier [0x0x7ff6fef683ce+185214]
	GetHandleVerifier [0x0x7ff6fef6fe1f+216527]
	GetHandleVerifier [0x0x7ff6fef57b24+117460]
	GetHandleVerifier [0x0x7ff6fef57cdf+117903]
	GetHandleVerifier [0x0x7ff6fef3dbb8+11112]
	BaseThreadInitThunk [0x0x7ffb6c49e8d7+23]
	RtlUserThreadStart [0x0x7ffb6e5cc53c+44]

2025-10-25 11:24:52,183 - ERROR - Ảnh lỗi: artifacts\screenshots\read_from_home_error_20251025_112451.png
