08:23:44 - INFO -  Mở trang Tìm kiếm nâng cao...
08:23:49 - INFO -  Chọn sắp xếp: Lượt xem giảm dần
08:23:50 - INFO -  Đã chọn 'Lượt xem giảm dần'
08:23:50 - INFO -  Chọn thể loại: Manga
08:23:50 - INFO -  Chọn tag: #Action
08:23:52 - INFO -  Mở trang Tìm kiếm nâng cao...
08:23:58 - INFO -  Chọn sắp xếp: Lượt xem tăng dần
08:23:58 - INFO -  Đã chọn 'Lượt xem tăng dần'
08:23:58 - INFO -  Chọn thể loại: Manhwa
08:23:59 - INFO -  Chọn tag: #Romance
08:24:00 - WARNING -  Không tìm thấy tag #Romance
08:24:01 - INFO -  Mở trang Tìm kiếm nâng cao...
08:24:06 - INFO -  Chọn sắp xếp: Ngày cập nhật giảm dần
08:24:07 - INFO -  Đã chọn 'Ngày cập nhật giảm dần'
08:24:07 - INFO -  Chọn thể loại: Manhua
08:24:07 - INFO -  Chọn tag: #Comedy
08:24:08 - WARNING -  Không tìm thấy tag #Comedy
08:24:10 - INFO -  Mở trang Tìm kiếm nâng cao...
08:24:16 - INFO -  Chọn sắp xếp: Ngày đăng giảm dần
08:24:17 - INFO -  Đã chọn 'Ngày đăng giảm dần'
08:24:17 - INFO -  Chọn thể loại: Marvel Comics
08:24:17 - INFO -  Chọn tag: #Adventure
08:24:25 - INFO -  Mở trang Tìm kiếm nâng cao...
08:24:36 - INFO -  Chọn sắp xếp: Ngày đăng tăng dần
08:24:37 - INFO -  Đã chọn 'Ngày đăng tăng dần'
08:24:37 - INFO -  Chọn thể loại: DC Comics
08:24:37 - INFO -  Chọn tag: #Fantasy
08:24:38 - WARNING -  Không tìm thấy tag #Fantasy
08:24:40 - INFO -  Mở trang Tìm kiếm nâng cao...
08:24:46 - INFO -  Chọn sắp xếp: 
